c:\users\brady\documents\visual studio 2015\projects\ninja_cat_gaiden\ninja_cat_gaiden\debug\vc140.pdb
c:\users\brady\documents\visual studio 2015\projects\ninja_cat_gaiden\ninja_cat_gaiden\debug\vc140.idb
c:\users\brady\documents\visual studio 2015\projects\ninja_cat_gaiden\ninja_cat_gaiden\debug\camera.obj
c:\users\brady\documents\visual studio 2015\projects\ninja_cat_gaiden\ninja_cat_gaiden\debug\game.obj
c:\users\brady\documents\visual studio 2015\projects\ninja_cat_gaiden\ninja_cat_gaiden\debug\gamestate.obj
c:\users\brady\documents\visual studio 2015\projects\ninja_cat_gaiden\ninja_cat_gaiden\debug\gamestatemanager.obj
c:\users\brady\documents\visual studio 2015\projects\ninja_cat_gaiden\ninja_cat_gaiden\debug\inputmanager.obj
c:\users\brady\documents\visual studio 2015\projects\ninja_cat_gaiden\ninja_cat_gaiden\debug\main.obj
c:\users\brady\documents\visual studio 2015\projects\ninja_cat_gaiden\ninja_cat_gaiden\debug\player.obj
c:\users\brady\documents\visual studio 2015\projects\ninja_cat_gaiden\ninja_cat_gaiden\debug\texturemanager.obj
c:\users\brady\documents\visual studio 2015\projects\ninja_cat_gaiden\ninja_cat_gaiden\debug\tile.obj
c:\users\brady\documents\visual studio 2015\projects\ninja_cat_gaiden\ninja_cat_gaiden\debug\tilemap.obj
c:\users\brady\documents\visual studio 2015\projects\ninja_cat_gaiden\ninja_cat_gaiden\debug\controller.obj
c:\users\brady\documents\visual studio 2015\projects\ninja_cat_gaiden\ninja_cat_gaiden\debug\model.obj
c:\users\brady\documents\visual studio 2015\projects\ninja_cat_gaiden\ninja_cat_gaiden\debug\view.obj
c:\users\brady\documents\visual studio 2015\projects\ninja_cat_gaiden\ninja_cat_gaiden\debug\levelstate.obj
c:\users\brady\documents\visual studio 2015\projects\ninja_cat_gaiden\ninja_cat_gaiden\debug\enemy.obj
c:\users\brady\documents\visual studio 2015\projects\ninja_cat_gaiden\ninja_cat_gaiden\debug\projectile.obj
c:\users\brady\documents\visual studio 2015\projects\ninja_cat_gaiden\ninja_cat_gaiden\debug\defs.obj
c:\users\brady\documents\visual studio 2015\projects\ninja_cat_gaiden\ninja_cat_gaiden\debug\hud.obj
c:\users\brady\documents\visual studio 2015\projects\ninja_cat_gaiden\ninja_cat_gaiden\debug\samurai.obj
c:\users\brady\documents\visual studio 2015\projects\ninja_cat_gaiden\ninja_cat_gaiden\debug\interactableobject.obj
c:\users\brady\documents\visual studio 2015\projects\ninja_cat_gaiden\ninja_cat_gaiden\debug\chandelier.obj
c:\users\brady\documents\visual studio 2015\projects\ninja_cat_gaiden\debug\ninja_cat_gaiden.ilk
c:\users\brady\documents\visual studio 2015\projects\ninja_cat_gaiden\debug\ninja_cat_gaiden.exe
c:\users\brady\documents\visual studio 2015\projects\ninja_cat_gaiden\debug\ninja_cat_gaiden.pdb
c:\users\brady\documents\visual studio 2015\projects\ninja_cat_gaiden\ninja_cat_gaiden\debug\gamestate.obj.enc
c:\users\brady\documents\visual studio 2015\projects\ninja_cat_gaiden\ninja_cat_gaiden\debug\ninja_cat_gaiden.tlog\cl.command.1.tlog
c:\users\brady\documents\visual studio 2015\projects\ninja_cat_gaiden\ninja_cat_gaiden\debug\ninja_cat_gaiden.tlog\cl.read.1.tlog
c:\users\brady\documents\visual studio 2015\projects\ninja_cat_gaiden\ninja_cat_gaiden\debug\ninja_cat_gaiden.tlog\cl.write.1.tlog
c:\users\brady\documents\visual studio 2015\projects\ninja_cat_gaiden\ninja_cat_gaiden\debug\ninja_cat_gaiden.tlog\link.command.1.tlog
c:\users\brady\documents\visual studio 2015\projects\ninja_cat_gaiden\ninja_cat_gaiden\debug\ninja_cat_gaiden.tlog\link.read.1.tlog
c:\users\brady\documents\visual studio 2015\projects\ninja_cat_gaiden\ninja_cat_gaiden\debug\ninja_cat_gaiden.tlog\link.write.1.tlog
